CinepolisApp/app/build/intermediates/manifest_merge_blame_file/debug/manifest-merger-blame-debug-report.txt
1<?xml version="1.0" encoding="utf-8"?>
2<manifest xmlns:android="http://schemas.android.com/apk/res/android"
3    package="com.example.cinepolisapp"
4    android:versionCode="1"
5    android:versionName="1.0" >
6
7    <uses-sdk
8        android:minSdkVersion="22"
8-->src\main\AndroidManifest.xml
9        android:targetSdkVersion="32" />
9-->src\main\AndroidManifest.xml
10
11    <uses-permission android:name="android.permission.INTERNET" />
11-->src\main\AndroidManifest.xml:5:5-67
11-->src\main\AndroidManifest.xml:5:22-64
12
13    <application
13-->src\main\AndroidManifest.xml:7:5-36:19
14        android:allowBackup="true"
14-->src\main\AndroidManifest.xml:8:9-35
15        android:appComponentFactory="androidx.core.app.CoreComponentFactory"
15-->[androidx.core:core:1.7.0] AndroidManifest.xml:24:18-86
16        android:debuggable="true"
17        android:icon="@mipmap/ic_launcher"
17-->src\main\AndroidManifest.xml:9:9-43
18        android:label="@string/app_name"
18-->src\main\AndroidManifest.xml:10:9-41
19        android:roundIcon="@mipmap/ic_launcher_round"
19-->src\main\AndroidManifest.xml:11:9-54
20        android:supportsRtl="true"
20-->src\main\AndroidManifest.xml:12:9-35
21        android:testOnly="true"
22        android:theme="@style/Theme.CinepolisApp" >
22-->src\main\AndroidManifest.xml:13:9-50
23        <activity
23-->src\main\AndroidManifest.xml:15:9-25:20
24            android:name="com.example.cinepolisapp.Vista.HomeAdminActivity"
24-->src\main\AndroidManifest.xml:16:13-52
25            android:exported="true"
25-->src\main\AndroidManifest.xml:17:13-36
26            android:label="@string/app_name"
26-->src\main\AndroidManifest.xml:18:13-45
27            android:theme="@style/Theme.CinepolisApp.NoActionBar" >
27-->src\main\AndroidManifest.xml:19:13-66
28            <intent-filter>
28-->src\main\AndroidManifest.xml:20:13-24:29
29                <action android:name="android.intent.action.MAIN" />
29-->src\main\AndroidManifest.xml:21:17-69
29-->src\main\AndroidManifest.xml:21:25-66
30
31                <category android:name="android.intent.category.LAUNCHER" />
31-->src\main\AndroidManifest.xml:23:17-77
31-->src\main\AndroidManifest.xml:23:27-74
32            </intent-filter>
33        </activity>
34        <activity android:name="com.example.cinepolisapp.Vista.BillboardAdminActivity" />
34-->src\main\AndroidManifest.xml:26:9-66
34-->src\main\AndroidManifest.xml:26:19-63
35        <activity android:name="com.example.cinepolisapp.Vista.UsersAdminActivity" />
35-->src\main\AndroidManifest.xml:27:9-62
35-->src\main\AndroidManifest.xml:27:19-59
36        <activity android:name="com.example.cinepolisapp.Vista.GestorPeliculasActivity" />
36-->src\main\AndroidManifest.xml:28:9-67
36-->src\main\AndroidManifest.xml:28:19-64
37        <activity android:name="com.example.cinepolisapp.Vista.AlimentoAdminActivity" />
37-->src\main\AndroidManifest.xml:29:9-65
37-->src\main\AndroidManifest.xml:29:19-62
38        <activity android:name="com.example.cinepolisapp.Vista.EditDeletePelicula" />
38-->src\main\AndroidManifest.xml:30:9-62
38-->src\main\AndroidManifest.xml:30:19-59
39        <activity android:name="com.example.cinepolisapp.Vista.ListaClientesActivity" />
39-->src\main\AndroidManifest.xml:31:9-65
39-->src\main\AndroidManifest.xml:31:19-62
40        <activity android:name="com.example.cinepolisapp.Vista.EditarEliminarClienteActivity" />
40-->src\main\AndroidManifest.xml:32:9-73
40-->src\main\AndroidManifest.xml:32:19-70
41        <activity android:name="com.example.cinepolisapp.Vista.ListaPeliculasActivity" />
41-->src\main\AndroidManifest.xml:33:9-66
41-->src\main\AndroidManifest.xml:33:19-63
42        <activity android:name="com.example.cinepolisapp.Vista.ConfigFuncionActivity" />
42-->src\main\AndroidManifest.xml:34:9-65
42-->src\main\AndroidManifest.xml:34:19-62
43        <activity android:name="com.example.cinepolisapp.Vista.AddMovieActivity" />
43-->src\main\AndroidManifest.xml:35:9-60
43-->src\main\AndroidManifest.xml:35:19-57
44
45        <provider
45-->[androidx.emoji2:emoji2:1.0.0] AndroidManifest.xml:26:9-34:20
46            android:name="androidx.startup.InitializationProvider"
46-->[androidx.emoji2:emoji2:1.0.0] AndroidManifest.xml:27:13-67
47            android:authorities="com.example.cinepolisapp.androidx-startup"
47-->[androidx.emoji2:emoji2:1.0.0] AndroidManifest.xml:28:13-68
48            android:exported="false" >
48-->[androidx.emoji2:emoji2:1.0.0] AndroidManifest.xml:29:13-37
49            <meta-data
49-->[androidx.emoji2:emoji2:1.0.0] AndroidManifest.xml:31:13-33:52
50                android:name="androidx.emoji2.text.EmojiCompatInitializer"
50-->[androidx.emoji2:emoji2:1.0.0] AndroidManifest.xml:32:17-75
51                android:value="androidx.startup" />
51-->[androidx.emoji2:emoji2:1.0.0] AndroidManifest.xml:33:17-49
52            <meta-data
52-->[androidx.lifecycle:lifecycle-process:2.4.0] AndroidManifest.xml:31:13-33:52
53                android:name="androidx.lifecycle.ProcessLifecycleInitializer"
53-->[androidx.lifecycle:lifecycle-process:2.4.0] AndroidManifest.xml:32:17-78
54                android:value="androidx.startup" />
54-->[androidx.lifecycle:lifecycle-process:2.4.0] AndroidManifest.xml:33:17-49
55        </provider>
56
57        <uses-library
57-->[androidx.window:window:1.0.0] AndroidManifest.xml:25:9-27:40
58            android:name="androidx.window.extensions"
58-->[androidx.window:window:1.0.0] AndroidManifest.xml:26:13-54
59            android:required="false" />
59-->[androidx.window:window:1.0.0] AndroidManifest.xml:27:13-37
60        <uses-library
60-->[androidx.window:window:1.0.0] AndroidManifest.xml:28:9-30:40
61            android:name="androidx.window.sidecar"
61-->[androidx.window:window:1.0.0] AndroidManifest.xml:29:13-51
62            android:required="false" />
62-->[androidx.window:window:1.0.0] AndroidManifest.xml:30:13-37
63    </application>
64
65</manifest>